a a 3999
a a 3973
a a 3947
a a 3921
a a 3895
a a 3869
a a 3843
a a 3817
a a 3791
a a 3765
a a 3739
a a 3713
a a 3687
a a 3661
a a 3635
a a 3609
a a 3583
a a 3557
a a 3531
a a 3505
a a 3479
a a 3453
a a 3427
a a 3401
a a 3375
a a 3349
a a 3323
a a 3297
a a 3271
a a 3245
a a 3219
a a 3193
a a 3167
a a 3141
a a 3115
a a 3089
a a 3063
a a 3037
a a 3011
a a 2985
a a 2959
a a 2933
a a 2907
a a 2881
a a 2855
a a 2829
a a 2803
a a 2777
a a 2751
a a 2725
a a 2699
a a 2673
a a 2647
a a 2621
a a 2595
a a 2569
a a 2543
a a 2517
a a 2491
a a 2465
a a 2439
a a 2413
a a 2387
a a 2361
a a 2335
a a 2309
a a 2283
a a 2257
a a 2231
a a 2205
a a 2179
a a 2153
a a 2127
a a 2101
a a 2075
a a 2049
a a 2023
a a 1997
a a 1971
a a 1945
a a 1919
a a 1893
a a 1867
a a 1841
a a 1815
a a 1789
a a 1763
a a 1737
a a 1711
a a 1685
a a 1659
a a 1633
a a 1607
a a 1581
a a 1555
a a 1529
a a 1503
a a 1477
a a 1451
a a 1425
a a 1399
a a 1373
a a 1347
a a 1321
a a 1295
a a 1269
a a 1243
a a 1217
a a 1191
a a 1165
a a 1139
a a 1113
a a 1087
a a 1061
a a 1035
a a 1009
a a 983
a a 957
a a 931
a a 905
a a 879
a a 853
a a 827
a a 801
a a 775
a a 749
a a 723
a a 697
a a 671
a a 645
a a 619
a a 593
a a 567
a a 541
a a 515
a a 489
a a 463
a a 437
a a 411
a a 385
a a 359
a a 333
a a 307
a a 281
a a 255
a a 229
a a 203
a a 177
a a 151
a a 125
a a 99
a a 73
a a 47
a a 21
b b 3998
b b 3972
b b 3946
b b 3920
b b 3894
b b 3868
b b 3842
b b 3816
b b 3790
b b 3764
b b 3738
b b 3712
b b 3686
b b 3660
b b 3634
b b 3608
b b 3582
b b 3556
b b 3530
b b 3504
b b 3478
b b 3452
b b 3426
b b 3400
b b 3374
b b 3348
b b 3322
b b 3296
b b 3270
b b 3244
b b 3218
b b 3192
b b 3166
b b 3140
b b 3114
b b 3088
b b 3062
b b 3036
b b 3010
b b 2984
b b 2958
b b 2932
b b 2906
b b 2880
b b 2854
b b 2828
b b 2802
b b 2776
b b 2750
b b 2724
b b 2698
b b 2672
b b 2646
b b 2620
b b 2594
b b 2568
b b 2542
b b 2516
b b 2490
b b 2464
b b 2438
b b 2412
b b 2386
b b 2360
b b 2334
b b 2308
b b 2282
b b 2256
b b 2230
b b 2204
b b 2178
b b 2152
b b 2126
b b 2100
b b 2074
b b 2048
b b 2022
b b 1996
b b 1970
b b 1944
b b 1918
b b 1892
b b 1866
b b 1840
b b 1814
b b 1788
b b 1762
b b 1736
b b 1710
b b 1684
b b 1658
b b 1632
b b 1606
b b 1580
b b 1554
b b 1528
b b 1502
b b 1476
b b 1450
b b 1424
b b 1398
b b 1372
b b 1346
b b 1320
b b 1294
b b 1268
b b 1242
b b 1216
b b 1190
b b 1164
b b 1138
b b 1112
b b 1086
b b 1060
b b 1034
b b 1008
b b 982
b b 956
b b 930
b b 904
b b 878
b b 852
b b 826
b b 800
b b 774
b b 748
b b 722
b b 696
b b 670
b b 644
b b 618
b b 592
b b 566
b b 540
b b 514
b b 488
b b 462
b b 436
b b 410
b b 384
b b 358
b b 332
b b 306
b b 280
b b 254
b b 228
b b 202
b b 176
b b 150
b b 124
b b 98
b b 72
b b 46
b b 20
c c 3997
c c 3971
c c 3945
c c 3919
c c 3893
c c 3867
c c 3841
c c 3815
c c 3789
c c 3763
c c 3737
c c 3711
c c 3685
c c 3659
c c 3633
c c 3607
c c 3581
c c 3555
c c 3529
c c 3503
c c 3477
c c 3451
c c 3425
c c 3399
c c 3373
c c 3347
c c 3321
c c 3295
c c 3269
c c 3243
c c 3217
c c 3191
c c 3165
c c 3139
c c 3113
c c 3087
c c 3061
c c 3035
c c 3009
c c 2983
c c 2957
c c 2931
c c 2905
c c 2879
c c 2853
c c 2827
c c 2801
c c 2775
c c 2749
c c 2723
c c 2697
c c 2671
c c 2645
c c 2619
c c 2593
c c 2567
c c 2541
c c 2515
c c 2489
c c 2463
c c 2437
c c 2411
c c 2385
c c 2359
c c 2333
c c 2307
c c 2281
c c 2255
c c 2229
c c 2203
c c 2177
c c 2151
c c 2125
c c 2099
c c 2073
c c 2047
c c 2021
c c 1995
c c 1969
c c 1943
c c 1917
c c 1891
c c 1865
c c 1839
c c 1813
c c 1787
c c 1761
c c 1735
c c 1709
c c 1683
c c 1657
c c 1631
c c 1605
c c 1579
c c 1553
c c 1527
c c 1501
c c 1475
c c 1449
c c 1423
c c 1397
c c 1371
c c 1345
c c 1319
c c 1293
c c 1267
c c 1241
c c 1215
c c 1189
c c 1163
c c 1137
c c 1111
c c 1085
c c 1059
c c 1033
c c 1007
c c 981
c c 955
c c 929
c c 903
c c 877
c c 851
c c 825
c c 799
c c 773
c c 747
c c 721
c c 695
c c 669
c c 643
c c 617
c c 591
c c 565
c c 539
c c 513
c c 487
c c 461
c c 435
c c 409
c c 383
c c 357
c c 331
c c 305
c c 279
c c 253
c c 227
c c 201
c c 175
c c 149
c c 123
c c 97
c c 71
c c 45
c c 19
d d 3996
d d 3970
d d 3944
d d 3918
d d 3892
d d 3866
d d 3840
d d 3814
d d 3788
d d 3762
d d 3736
d d 3710
d d 3684
d d 3658
d d 3632
d d 3606
d d 3580
d d 3554
d d 3528
d d 3502
d d 3476
d d 3450
d d 3424
d d 3398
d d 3372
d d 3346
d d 3320
d d 3294
d d 3268
d d 3242
d d 3216
d d 3190
d d 3164
d d 3138
d d 3112
d d 3086
d d 3060
d d 3034
d d 3008
d d 2982
d d 2956
d d 2930
d d 2904
d d 2878
d d 2852
d d 2826
d d 2800
d d 2774
d d 2748
d d 2722
d d 2696
d d 2670
d d 2644
d d 2618
d d 2592
d d 2566
d d 2540
d d 2514
d d 2488
d d 2462
d d 2436
d d 2410
d d 2384
d d 2358
d d 2332
d d 2306
d d 2280
d d 2254
d d 2228
d d 2202
d d 2176
d d 2150
d d 2124
d d 2098
d d 2072
d d 2046
d d 2020
d d 1994
d d 1968
d d 1942
d d 1916
d d 1890
d d 1864
d d 1838
d d 1812
d d 1786
d d 1760
d d 1734
d d 1708
d d 1682
d d 1656
d d 1630
d d 1604
d d 1578
d d 1552
d d 1526
d d 1500
d d 1474
d d 1448
d d 1422
d d 1396
d d 1370
d d 1344
d d 1318
d d 1292
d d 1266
d d 1240
d d 1214
d d 1188
d d 1162
d d 1136
d d 1110
d d 1084
d d 1058
d d 1032
d d 1006
d d 980
d d 954
d d 928
d d 902
d d 876
d d 850
d d 824
d d 798
d d 772
d d 746
d d 720
d d 694
d d 668
d d 642
d d 616
d d 590
d d 564
d d 538
d d 512
d d 486
d d 460
d d 434
d d 408
d d 382
d d 356
d d 330
d d 304
d d 278
d d 252
d d 226
d d 200
d d 174
d d 148
d d 122
d d 96
d d 70
d d 44
d d 18
e e 3995
e e 3969
e e 3943
e e 3917
e e 3891
e e 3865
e e 3839
e e 3813
e e 3787
e e 3761
e e 3735
e e 3709
e e 3683
e e 3657
e e 3631
e e 3605
e e 3579
e e 3553
e e 3527
e e 3501
e e 3475
e e 3449
e e 3423
e e 3397
e e 3371
e e 3345
e e 3319
e e 3293
e e 3267
e e 3241
e e 3215
e e 3189
e e 3163
e e 3137
e e 3111
e e 3085
e e 3059
e e 3033
e e 3007
e e 2981
e e 2955
e e 2929
e e 2903
e e 2877
e e 2851
e e 2825
e e 2799
e e 2773
e e 2747
e e 2721
e e 2695
e e 2669
e e 2643
e e 2617
e e 2591
e e 2565
e e 2539
e e 2513
e e 2487
e e 2461
e e 2435
e e 2409
e e 2383
e e 2357
e e 2331
e e 2305
e e 2279
e e 2253
e e 2227
e e 2201
e e 2175
e e 2149
e e 2123
e e 2097
e e 2071
e e 2045
e e 2019
e e 1993
e e 1967
e e 1941
e e 1915
e e 1889
e e 1863
e e 1837
e e 1811
e e 1785
e e 1759
e e 1733
e e 1707
e e 1681
e e 1655
e e 1629
e e 1603
e e 1577
e e 1551
e e 1525
e e 1499
e e 1473
e e 1447
e e 1421
e e 1395
e e 1369
e e 1343
e e 1317
e e 1291
e e 1265
e e 1239
e e 1213
e e 1187
e e 1161
e e 1135
e e 1109
e e 1083
e e 1057
e e 1031
e e 1005
e e 979
e e 953
e e 927
e e 901
e e 875
e e 849
e e 823
e e 797
e e 771
e e 745
e e 719
e e 693
e e 667
e e 641
e e 615
e e 589
e e 563
e e 537
e e 511
e e 485
e e 459
e e 433
e e 407
e e 381
e e 355
e e 329
e e 303
e e 277
e e 251
e e 225
e e 199
e e 173
e e 147
e e 121
e e 95
e e 69
e e 43
e e 17
f f 3994
f f 3968
f f 3942
f f 3916
f f 3890
f f 3864
f f 3838
f f 3812
f f 3786
f f 3760
f f 3734
f f 3708
f f 3682
f f 3656
f f 3630
f f 3604
f f 3578
f f 3552
f f 3526
f f 3500
f f 3474
f f 3448
f f 3422
f f 3396
f f 3370
f f 3344
f f 3318
f f 3292
f f 3266
f f 3240
f f 3214
f f 3188
f f 3162
f f 3136
f f 3110
f f 3084
f f 3058
f f 3032
f f 3006
f f 2980
f f 2954
f f 2928
f f 2902
f f 2876
f f 2850
f f 2824
f f 2798
f f 2772
f f 2746
f f 2720
f f 2694
f f 2668
f f 2642
f f 2616
f f 2590
f f 2564
f f 2538
f f 2512
f f 2486
f f 2460
f f 2434
f f 2408
f f 2382
f f 2356
f f 2330
f f 2304
f f 2278
f f 2252
f f 2226
f f 2200
f f 2174
f f 2148
f f 2122
f f 2096
f f 2070
f f 2044
f f 2018
f f 1992
f f 1966
f f 1940
f f 1914
f f 1888
f f 1862
f f 1836
f f 1810
f f 1784
f f 1758
f f 1732
f f 1706
f f 1680
f f 1654
f f 1628
f f 1602
f f 1576
f f 1550
f f 1524
f f 1498
f f 1472
f f 1446
f f 1420
f f 1394
f f 1368
f f 1342
f f 1316
f f 1290
f f 1264
f f 1238
f f 1212
f f 1186
f f 1160
f f 1134
f f 1108
f f 1082
f f 1056
f f 1030
f f 1004
f f 978
f f 952
f f 926
f f 900
f f 874
f f 848
f f 822
f f 796
f f 770
f f 744
f f 718
f f 692
f f 666
f f 640
f f 614
f f 588
f f 562
f f 536
f f 510
f f 484
f f 458
f f 432
f f 406
f f 380
f f 354
f f 328
f f 302
f f 276
f f 250
f f 224
f f 198
f f 172
f f 146
f f 120
f f 94
f f 68
f f 42
f f 16
g g 3993
g g 3967
g g 3941
g g 3915
g g 3889
g g 3863
g g 3837
g g 3811
g g 3785
g g 3759
g g 3733
g g 3707
g g 3681
g g 3655
g g 3629
g g 3603
g g 3577
g g 3551
g g 3525
g g 3499
g g 3473
g g 3447
g g 3421
g g 3395
g g 3369
g g 3343
g g 3317
g g 3291
g g 3265
g g 3239
g g 3213
g g 3187
g g 3161
g g 3135
g g 3109
g g 3083
g g 3057
g g 3031
g g 3005
g g 2979
g g 2953
g g 2927
g g 2901
g g 2875
g g 2849
g g 2823
g g 2797
g g 2771
g g 2745
g g 2719
g g 2693
g g 2667
g g 2641
g g 2615
g g 2589
g g 2563
g g 2537
g g 2511
g g 2485
g g 2459
g g 2433
g g 2407
g g 2381
g g 2355
g g 2329
g g 2303
g g 2277
g g 2251
g g 2225
g g 2199
g g 2173
g g 2147
g g 2121
g g 2095
g g 2069
g g 2043
g g 2017
g g 1991
g g 1965
g g 1939
g g 1913
g g 1887
g g 1861
g g 1835
g g 1809
g g 1783
g g 1757
g g 1731
g g 1705
g g 1679
g g 1653
g g 1627
g g 1601
g g 1575
g g 1549
g g 1523
g g 1497
g g 1471
g g 1445
g g 1419
g g 1393
g g 1367
g g 1341
g g 1315
g g 1289
g g 1263
g g 1237
g g 1211
g g 1185
g g 1159
g g 1133
g g 1107
g g 1081
g g 1055
g g 1029
g g 1003
g g 977
g g 951
g g 925
g g 899
g g 873
g g 847
g g 821
g g 795
g g 769
g g 743
g g 717
g g 691
g g 665
g g 639
g g 613
g g 587
g g 561
g g 535
g g 509
g g 483
g g 457
g g 431
g g 405
g g 379
g g 353
g g 327
g g 301
g g 275
g g 249
g g 223
g g 197
g g 171
g g 145
g g 119
g g 93
g g 67
g g 41
g g 15
h h 3992
h h 3966
h h 3940
h h 3914
h h 3888
h h 3862
h h 3836
h h 3810
h h 3784
h h 3758
h h 3732
h h 3706
h h 3680
h h 3654
h h 3628
h h 3602
h h 3576
h h 3550
h h 3524
h h 3498
h h 3472
h h 3446
h h 3420
h h 3394
h h 3368
h h 3342
h h 3316
h h 3290
h h 3264
h h 3238
h h 3212
h h 3186
h h 3160
h h 3134
h h 3108
h h 3082
h h 3056
h h 3030
h h 3004
h h 2978
h h 2952
h h 2926
h h 2900
h h 2874
h h 2848
h h 2822
h h 2796
h h 2770
h h 2744
h h 2718
h h 2692
h h 2666
h h 2640
h h 2614
h h 2588
h h 2562
h h 2536
h h 2510
h h 2484
h h 2458
h h 2432
h h 2406
h h 2380
h h 2354
h h 2328
h h 2302
h h 2276
h h 2250
h h 2224
h h 2198
h h 2172
h h 2146
h h 2120
h h 2094
h h 2068
h h 2042
h h 2016
h h 1990
h h 1964
h h 1938
h h 1912
h h 1886
h h 1860
h h 1834
h h 1808
h h 1782
h h 1756
h h 1730
h h 1704
h h 1678
h h 1652
h h 1626
h h 1600
h h 1574
h h 1548
h h 1522
h h 1496
h h 1470
h h 1444
h h 1418
h h 1392
h h 1366
h h 1340
h h 1314
h h 1288
h h 1262
h h 1236
h h 1210
h h 1184
h h 1158
h h 1132
h h 1106
h h 1080
h h 1054
h h 1028
h h 1002
h h 976
h h 950
h h 924
h h 898
h h 872
h h 846
h h 820
h h 794
h h 768
h h 742
h h 716
h h 690
h h 664
h h 638
h h 612
h h 586
h h 560
h h 534
h h 508
h h 482
h h 456
h h 430
h h 404
h h 378
h h 352
h h 326
h h 300
h h 274
h h 248
h h 222
h h 196
h h 170
h h 144
h h 118
h h 92
h h 66
h h 40
h h 14
i i 3991
i i 3965
i i 3939
i i 3913
i i 3887
i i 3861
i i 3835
i i 3809
i i 3783
i i 3757
i i 3731
i i 3705
i i 3679
i i 3653
i i 3627
i i 3601
i i 3575
i i 3549
i i 3523
i i 3497
i i 3471
i i 3445
i i 3419
i i 3393
i i 3367
i i 3341
i i 3315
i i 3289
i i 3263
i i 3237
i i 3211
i i 3185
i i 3159
i i 3133
i i 3107
i i 3081
i i 3055
i i 3029
i i 3003
i i 2977
i i 2951
i i 2925
i i 2899
i i 2873
i i 2847
i i 2821
i i 2795
i i 2769
i i 2743
i i 2717
i i 2691
i i 2665
i i 2639
i i 2613
i i 2587
i i 2561
i i 2535
i i 2509
i i 2483
i i 2457
i i 2431
i i 2405
i i 2379
i i 2353
i i 2327
i i 2301
i i 2275
i i 2249
i i 2223
i i 2197
i i 2171
i i 2145
i i 2119
i i 2093
i i 2067
i i 2041
i i 2015
i i 1989
i i 1963
i i 1937
i i 1911
i i 1885
i i 1859
i i 1833
i i 1807
i i 1781
i i 1755
i i 1729
i i 1703
i i 1677
i i 1651
i i 1625
i i 1599
i i 1573
i i 1547
i i 1521
i i 1495
i i 1469
i i 1443
i i 1417
i i 1391
i i 1365
i i 1339
i i 1313
i i 1287
i i 1261
i i 1235
i i 1209
i i 1183
i i 1157
i i 1131
i i 1105
i i 1079
i i 1053
i i 1027
i i 1001
i i 975
i i 949
i i 923
i i 897
i i 871
i i 845
i i 819
i i 793
i i 767
i i 741
i i 715
i i 689
i i 663
i i 637
i i 611
i i 585
i i 559
i i 533
i i 507
i i 481
i i 455
i i 429
i i 403
i i 377
i i 351
i i 325
i i 299
i i 273
i i 247
i i 221
i i 195
i i 169
i i 143
i i 117
i i 91
i i 65
i i 39
i i 13
j j 3990
j j 3964
j j 3938
j j 3912
j j 3886
j j 3860
j j 3834
j j 3808
j j 3782
j j 3756
j j 3730
j j 3704
j j 3678
j j 3652
j j 3626
j j 3600
j j 3574
j j 3548
j j 3522
j j 3496
j j 3470
j j 3444
j j 3418
j j 3392
j j 3366
j j 3340
j j 3314
j j 3288
j j 3262
j j 3236
j j 3210
j j 3184
j j 3158
j j 3132
j j 3106
j j 3080
j j 3054
j j 3028
j j 3002
j j 2976
j j 2950
j j 2924
j j 2898
j j 2872
j j 2846
j j 2820
j j 2794
j j 2768
j j 2742
j j 2716
j j 2690
j j 2664
j j 2638
j j 2612
j j 2586
j j 2560
j j 2534
j j 2508
j j 2482
j j 2456
j j 2430
j j 2404
j j 2378
j j 2352
j j 2326
j j 2300
j j 2274
j j 2248
j j 2222
j j 2196
j j 2170
j j 2144
j j 2118
j j 2092
j j 2066
j j 2040
j j 2014
j j 1988
j j 1962
j j 1936
j j 1910
j j 1884
j j 1858
j j 1832
j j 1806
j j 1780
j j 1754
j j 1728
j j 1702
j j 1676
j j 1650
j j 1624
j j 1598
j j 1572
j j 1546
j j 1520
j j 1494
j j 1468
j j 1442
j j 1416
j j 1390
j j 1364
j j 1338
j j 1312
j j 1286
j j 1260
j j 1234
j j 1208
j j 1182
j j 1156
j j 1130
j j 1104
j j 1078
j j 1052
j j 1026
j j 1000
j j 974
j j 948
j j 922
j j 896
j j 870
j j 844
j j 818
j j 792
j j 766
j j 740
j j 714
j j 688
j j 662
j j 636
j j 610
j j 584
j j 558
j j 532
j j 506
j j 480
j j 454
j j 428
j j 402
j j 376
j j 350
j j 324
j j 298
j j 272
j j 246
j j 220
j j 194
j j 168
j j 142
j j 116
j j 90
j j 64
j j 38
j j 12
k k 3989
k k 3963
k k 3937
k k 3911
k k 3885
k k 3859
k k 3833
k k 3807
k k 3781
k k 3755
k k 3729
k k 3703
k k 3677
k k 3651
k k 3625
k k 3599
k k 3573
k k 3547
k k 3521
k k 3495
k k 3469
k k 3443
k k 3417
k k 3391
k k 3365
k k 3339
k k 3313
k k 3287
k k 3261
k k 3235
k k 3209
k k 3183
k k 3157
k k 3131
k k 3105
k k 3079
k k 3053
k k 3027
k k 3001
k k 2975
k k 2949
k k 2923
k k 2897
k k 2871
k k 2845
k k 2819
k k 2793
k k 2767
k k 2741
k k 2715
k k 2689
k k 2663
k k 2637
k k 2611
k k 2585
k k 2559
k k 2533
k k 2507
k k 2481
k k 2455
k k 2429
k k 2403
k k 2377
k k 2351
k k 2325
k k 2299
k k 2273
k k 2247
k k 2221
k k 2195
k k 2169
k k 2143
k k 2117
k k 2091
k k 2065
k k 2039
k k 2013
k k 1987
k k 1961
k k 1935
k k 1909
k k 1883
k k 1857
k k 1831
k k 1805
k k 1779
k k 1753
k k 1727
k k 1701
k k 1675
k k 1649
k k 1623
k k 1597
k k 1571
k k 1545
k k 1519
k k 1493
k k 1467
k k 1441
k k 1415
k k 1389
k k 1363
k k 1337
k k 1311
k k 1285
k k 1259
k k 1233
k k 1207
k k 1181
k k 1155
k k 1129
k k 1103
k k 1077
k k 1051
k k 1025
k k 999
k k 973
k k 947
k k 921
k k 895
k k 869
k k 843
k k 817
k k 791
k k 765
k k 739
k k 713
k k 687
k k 661
k k 635
k k 609
k k 583
k k 557
k k 531
k k 505
k k 479
k k 453
k k 427
k k 401
k k 375
k k 349
k k 323
k k 297
k k 271
k k 245
k k 219
k k 193
k k 167
k k 141
k k 115
k k 89
k k 63
k k 37
k k 11
l l 3988
l l 3962
l l 3936
l l 3910
l l 3884
l l 3858
l l 3832
l l 3806
l l 3780
l l 3754
l l 3728
l l 3702
l l 3676
l l 3650
l l 3624
l l 3598
l l 3572
l l 3546
l l 3520
l l 3494
l l 3468
l l 3442
l l 3416
l l 3390
l l 3364
l l 3338
l l 3312
l l 3286
l l 3260
l l 3234
l l 3208
l l 3182
l l 3156
l l 3130
l l 3104
l l 3078
l l 3052
l l 3026
l l 3000
l l 2974
l l 2948
l l 2922
l l 2896
l l 2870
l l 2844
l l 2818
l l 2792
l l 2766
l l 2740
l l 2714
l l 2688
l l 2662
l l 2636
l l 2610
l l 2584
l l 2558
l l 2532
l l 2506
l l 2480
l l 2454
l l 2428
l l 2402
l l 2376
l l 2350
l l 2324
l l 2298
l l 2272
l l 2246
l l 2220
l l 2194
l l 2168
l l 2142
l l 2116
l l 2090
l l 2064
l l 2038
l l 2012
l l 1986
l l 1960
l l 1934
l l 1908
l l 1882
l l 1856
l l 1830
l l 1804
l l 1778
l l 1752
l l 1726
l l 1700
l l 1674
l l 1648
l l 1622
l l 1596
l l 1570
l l 1544
l l 1518
l l 1492
l l 1466
l l 1440
l l 1414
l l 1388
l l 1362
l l 1336
l l 1310
l l 1284
l l 1258
l l 1232
l l 1206
l l 1180
l l 1154
l l 1128
l l 1102
l l 1076
l l 1050
l l 1024
l l 998
l l 972
l l 946
l l 920
l l 894
l l 868
l l 842
l l 816
l l 790
l l 764
l l 738
l l 712
l l 686
l l 660
l l 634
l l 608
l l 582
l l 556
l l 530
l l 504
l l 478
l l 452
l l 426
l l 400
l l 374
l l 348
l l 322
l l 296
l l 270
l l 244
l l 218
l l 192
l l 166
l l 140
l l 114
l l 88
l l 62
l l 36
l l 10
m m 3987
m m 3961
m m 3935
m m 3909
m m 3883
m m 3857
m m 3831
m m 3805
m m 3779
m m 3753
m m 3727
m m 3701
m m 3675
m m 3649
m m 3623
m m 3597
m m 3571
m m 3545
m m 3519
m m 3493
m m 3467
m m 3441
m m 3415
m m 3389
m m 3363
m m 3337
m m 3311
m m 3285
m m 3259
m m 3233
m m 3207
m m 3181
m m 3155
m m 3129
m m 3103
m m 3077
m m 3051
m m 3025
m m 2999
m m 2973
m m 2947
m m 2921
m m 2895
m m 2869
m m 2843
m m 2817
m m 2791
m m 2765
m m 2739
m m 2713
m m 2687
m m 2661
m m 2635
m m 2609
m m 2583
m m 2557
m m 2531
m m 2505
m m 2479
m m 2453
m m 2427
m m 2401
m m 2375
m m 2349
m m 2323
m m 2297
m m 2271
m m 2245
m m 2219
m m 2193
m m 2167
m m 2141
m m 2115
m m 2089
m m 2063
m m 2037
m m 2011
m m 1985
m m 1959
m m 1933
m m 1907
m m 1881
m m 1855
m m 1829
m m 1803
m m 1777
m m 1751
m m 1725
m m 1699
m m 1673
m m 1647
m m 1621
m m 1595
m m 1569
m m 1543
m m 1517
m m 1491
m m 1465
m m 1439
m m 1413
m m 1387
m m 1361
m m 1335
m m 1309
m m 1283
m m 1257
m m 1231
m m 1205
m m 1179
m m 1153
m m 1127
m m 1101
m m 1075
m m 1049
m m 1023
m m 997
m m 971
m m 945
m m 919
m m 893
m m 867
m m 841
m m 815
m m 789
m m 763
m m 737
m m 711
m m 685
m m 659
m m 633
m m 607
m m 581
m m 555
m m 529
m m 503
m m 477
m m 451
m m 425
m m 399
m m 373
m m 347
m m 321
m m 295
m m 269
m m 243
m m 217
m m 191
m m 165
m m 139
m m 113
m m 87
m m 61
m m 35
m m 9
n n 3986
n n 3960
n n 3934
n n 3908
n n 3882
n n 3856
n n 3830
n n 3804
n n 3778
n n 3752
n n 3726
n n 3700
n n 3674
n n 3648
n n 3622
n n 3596
n n 3570
n n 3544
n n 3518
n n 3492
n n 3466
n n 3440
n n 3414
n n 3388
n n 3362
n n 3336
n n 3310
n n 3284
n n 3258
n n 3232
n n 3206
n n 3180
n n 3154
n n 3128
n n 3102
n n 3076
n n 3050
n n 3024
n n 2998
n n 2972
n n 2946
n n 2920
n n 2894
n n 2868
n n 2842
n n 2816
n n 2790
n n 2764
n n 2738
n n 2712
n n 2686
n n 2660
n n 2634
n n 2608
n n 2582
n n 2556
n n 2530
n n 2504
n n 2478
n n 2452
n n 2426
n n 2400
n n 2374
n n 2348
n n 2322
n n 2296
n n 2270
n n 2244
n n 2218
n n 2192
n n 2166
n n 2140
n n 2114
n n 2088
n n 2062
n n 2036
n n 2010
n n 1984
n n 1958
n n 1932
n n 1906
n n 1880
n n 1854
n n 1828
n n 1802
n n 1776
n n 1750
n n 1724
n n 1698
n n 1672
n n 1646
n n 1620
n n 1594
n n 1568
n n 1542
n n 1516
n n 1490
n n 1464
n n 1438
n n 1412
n n 1386
n n 1360
n n 1334
n n 1308
n n 1282
n n 1256
n n 1230
n n 1204
n n 1178
n n 1152
n n 1126
n n 1100
n n 1074
n n 1048
n n 1022
n n 996
n n 970
n n 944
n n 918
n n 892
n n 866
n n 840
n n 814
n n 788
n n 762
n n 736
n n 710
n n 684
n n 658
n n 632
n n 606
n n 580
n n 554
n n 528
n n 502
n n 476
n n 450
n n 424
n n 398
n n 372
n n 346
n n 320
n n 294
n n 268
n n 242
n n 216
n n 190
n n 164
n n 138
n n 112
n n 86
n n 60
n n 34
n n 8
o o 3985
o o 3959
o o 3933
o o 3907
o o 3881
o o 3855
o o 3829
o o 3803
o o 3777
o o 3751
o o 3725
o o 3699
o o 3673
o o 3647
o o 3621
o o 3595
o o 3569
o o 3543
o o 3517
o o 3491
o o 3465
o o 3439
o o 3413
o o 3387
o o 3361
o o 3335
o o 3309
o o 3283
o o 3257
o o 3231
o o 3205
o o 3179
o o 3153
o o 3127
o o 3101
o o 3075
o o 3049
o o 3023
o o 2997
o o 2971
o o 2945
o o 2919
o o 2893
o o 2867
o o 2841
o o 2815
o o 2789
o o 2763
o o 2737
o o 2711
o o 2685
o o 2659
o o 2633
o o 2607
o o 2581
o o 2555
o o 2529
o o 2503
o o 2477
o o 2451
o o 2425
o o 2399
o o 2373
o o 2347
o o 2321
o o 2295
o o 2269
o o 2243
o o 2217
o o 2191
o o 2165
o o 2139
o o 2113
o o 2087
o o 2061
o o 2035
o o 2009
o o 1983
o o 1957
o o 1931
o o 1905
o o 1879
o o 1853
o o 1827
o o 1801
o o 1775
o o 1749
o o 1723
o o 1697
o o 1671
o o 1645
o o 1619
o o 1593
o o 1567
o o 1541
o o 1515
o o 1489
o o 1463
o o 1437
o o 1411
o o 1385
o o 1359
o o 1333
o o 1307
o o 1281
o o 1255
o o 1229
o o 1203
o o 1177
o o 1151
o o 1125
o o 1099
o o 1073
o o 1047
o o 1021
o o 995
o o 969
o o 943
o o 917
o o 891
o o 865
o o 839
o o 813
o o 787
o o 761
o o 735
o o 709
o o 683
o o 657
o o 631
o o 605
o o 579
o o 553
o o 527
o o 501
o o 475
o o 449
o o 423
o o 397
o o 371
o o 345
o o 319
o o 293
o o 267
o o 241
o o 215
o o 189
o o 163
o o 137
o o 111
o o 85
o o 59
o o 33
o o 7
p p 3984
p p 3958
p p 3932
p p 3906
p p 3880
p p 3854
p p 3828
p p 3802
p p 3776
p p 3750
p p 3724
p p 3698
p p 3672
p p 3646
p p 3620
p p 3594
p p 3568
p p 3542
p p 3516
p p 3490
p p 3464
p p 3438
p p 3412
p p 3386
p p 3360
p p 3334
p p 3308
p p 3282
p p 3256
p p 3230
p p 3204
p p 3178
p p 3152
p p 3126
p p 3100
p p 3074
p p 3048
p p 3022
p p 2996
p p 2970
p p 2944
p p 2918
p p 2892
p p 2866
p p 2840
p p 2814
p p 2788
p p 2762
p p 2736
p p 2710
p p 2684
p p 2658
p p 2632
p p 2606
p p 2580
p p 2554
p p 2528
p p 2502
p p 2476
p p 2450
p p 2424
p p 2398
p p 2372
p p 2346
p p 2320
p p 2294
p p 2268
p p 2242
p p 2216
p p 2190
p p 2164
p p 2138
p p 2112
p p 2086
p p 2060
p p 2034
p p 2008
p p 1982
p p 1956
p p 1930
p p 1904
p p 1878
p p 1852
p p 1826
p p 1800
p p 1774
p p 1748
p p 1722
p p 1696
p p 1670
p p 1644
p p 1618
p p 1592
p p 1566
p p 1540
p p 1514
p p 1488
p p 1462
p p 1436
p p 1410
p p 1384
p p 1358
p p 1332
p p 1306
p p 1280
p p 1254
p p 1228
p p 1202
p p 1176
p p 1150
p p 1124
p p 1098
p p 1072
p p 1046
p p 1020
p p 994
p p 968
p p 942
p p 916
p p 890
p p 864
p p 838
p p 812
p p 786
p p 760
p p 734
p p 708
p p 682
p p 656
p p 630
p p 604
p p 578
p p 552
p p 526
p p 500
p p 474
p p 448
p p 422
p p 396
p p 370
p p 344
p p 318
p p 292
p p 266
p p 240
p p 214
p p 188
p p 162
p p 136
p p 110
p p 84
p p 58
p p 32
p p 6
q q 3983
q q 3957
q q 3931
q q 3905
q q 3879
q q 3853
q q 3827
q q 3801
q q 3775
q q 3749
q q 3723
q q 3697
q q 3671
q q 3645
q q 3619
q q 3593
q q 3567
q q 3541
q q 3515
q q 3489
q q 3463
q q 3437
q q 3411
q q 3385
q q 3359
q q 3333
q q 3307
q q 3281
q q 3255
q q 3229
q q 3203
q q 3177
q q 3151
q q 3125
q q 3099
q q 3073
q q 3047
q q 3021
q q 2995
q q 2969
q q 2943
q q 2917
q q 2891
q q 2865
q q 2839
q q 2813
q q 2787
q q 2761
q q 2735
q q 2709
q q 2683
q q 2657
q q 2631
q q 2605
q q 2579
q q 2553
q q 2527
q q 2501
q q 2475
q q 2449
q q 2423
q q 2397
q q 2371
q q 2345
q q 2319
q q 2293
q q 2267
q q 2241
q q 2215
q q 2189
q q 2163
q q 2137
q q 2111
q q 2085
q q 2059
q q 2033
q q 2007
q q 1981
q q 1955
q q 1929
q q 1903
q q 1877
q q 1851
q q 1825
q q 1799
q q 1773
q q 1747
q q 1721
q q 1695
q q 1669
q q 1643
q q 1617
q q 1591
q q 1565
q q 1539
q q 1513
q q 1487
q q 1461
q q 1435
q q 1409
q q 1383
q q 1357
q q 1331
q q 1305
q q 1279
q q 1253
q q 1227
q q 1201
q q 1175
q q 1149
q q 1123
q q 1097
q q 1071
q q 1045
q q 1019
q q 993
q q 967
q q 941
q q 915
q q 889
q q 863
q q 837
q q 811
q q 785
q q 759
q q 733
q q 707
q q 681
q q 655
q q 629
q q 603
q q 577
q q 551
q q 525
q q 499
q q 473
q q 447
q q 421
q q 395
q q 369
q q 343
q q 317
q q 291
q q 265
q q 239
q q 213
q q 187
q q 161
q q 135
q q 109
q q 83
q q 57
q q 31
q q 5
r r 3982
r r 3956
r r 3930
r r 3904
r r 3878
r r 3852
r r 3826
r r 3800
r r 3774
r r 3748
r r 3722
r r 3696
r r 3670
r r 3644
r r 3618
r r 3592
r r 3566
r r 3540
r r 3514
r r 3488
r r 3462
r r 3436
r r 3410
r r 3384
r r 3358
r r 3332
r r 3306
r r 3280
r r 3254
r r 3228
r r 3202
r r 3176
r r 3150
r r 3124
r r 3098
r r 3072
r r 3046
r r 3020
r r 2994
r r 2968
r r 2942
r r 2916
r r 2890
r r 2864
r r 2838
r r 2812
r r 2786
r r 2760
r r 2734
r r 2708
r r 2682
r r 2656
r r 2630
r r 2604
r r 2578
r r 2552
r r 2526
r r 2500
r r 2474
r r 2448
r r 2422
r r 2396
r r 2370
r r 2344
r r 2318
r r 2292
r r 2266
r r 2240
r r 2214
r r 2188
r r 2162
r r 2136
r r 2110
r r 2084
r r 2058
r r 2032
r r 2006
r r 1980
r r 1954
r r 1928
r r 1902
r r 1876
r r 1850
r r 1824
r r 1798
r r 1772
r r 1746
r r 1720
r r 1694
r r 1668
r r 1642
r r 1616
r r 1590
r r 1564
r r 1538
r r 1512
r r 1486
r r 1460
r r 1434
r r 1408
r r 1382
r r 1356
r r 1330
r r 1304
r r 1278
r r 1252
r r 1226
r r 1200
r r 1174
r r 1148
r r 1122
r r 1096
r r 1070
r r 1044
r r 1018
r r 992
r r 966
r r 940
r r 914
r r 888
r r 862
r r 836
r r 810
r r 784
r r 758
r r 732
r r 706
r r 680
r r 654
r r 628
r r 602
r r 576
r r 550
r r 524
r r 498
r r 472
r r 446
r r 420
r r 394
r r 368
r r 342
r r 316
r r 290
r r 264
r r 238
r r 212
r r 186
r r 160
r r 134
r r 108
r r 82
r r 56
r r 30
r r 4
s s 3981
s s 3955
s s 3929
s s 3903
s s 3877
s s 3851
s s 3825
s s 3799
s s 3773
s s 3747
s s 3721
s s 3695
s s 3669
s s 3643
s s 3617
s s 3591
s s 3565
s s 3539
s s 3513
s s 3487
s s 3461
s s 3435
s s 3409
s s 3383
s s 3357
s s 3331
s s 3305
s s 3279
s s 3253
s s 3227
s s 3201
s s 3175
s s 3149
s s 3123
s s 3097
s s 3071
s s 3045
s s 3019
s s 2993
s s 2967
s s 2941
s s 2915
s s 2889
s s 2863
s s 2837
s s 2811
s s 2785
s s 2759
s s 2733
s s 2707
s s 2681
s s 2655
s s 2629
s s 2603
s s 2577
s s 2551
s s 2525
s s 2499
s s 2473
s s 2447
s s 2421
s s 2395
s s 2369
s s 2343
s s 2317
s s 2291
s s 2265
s s 2239
s s 2213
s s 2187
s s 2161
s s 2135
s s 2109
s s 2083
s s 2057
s s 2031
s s 2005
s s 1979
s s 1953
s s 1927
s s 1901
s s 1875
s s 1849
s s 1823
s s 1797
s s 1771
s s 1745
s s 1719
s s 1693
s s 1667
s s 1641
s s 1615
s s 1589
s s 1563
s s 1537
s s 1511
s s 1485
s s 1459
s s 1433
s s 1407
s s 1381
s s 1355
s s 1329
s s 1303
s s 1277
s s 1251
s s 1225
s s 1199
s s 1173
s s 1147
s s 1121
s s 1095
s s 1069
s s 1043
s s 1017
s s 991
s s 965
s s 939
s s 913
s s 887
s s 861
s s 835
s s 809
s s 783
s s 757
s s 731
s s 705
s s 679
s s 653
s s 627
s s 601
s s 575
s s 549
s s 523
s s 497
s s 471
s s 445
s s 419
s s 393
s s 367
s s 341
s s 315
s s 289
s s 263
s s 237
s s 211
s s 185
s s 159
s s 133
s s 107
s s 81
s s 55
s s 29
s s 3
t t 3980
t t 3954
t t 3928
t t 3902
t t 3876
t t 3850
t t 3824
t t 3798
t t 3772
t t 3746
t t 3720
t t 3694
t t 3668
t t 3642
t t 3616
t t 3590
t t 3564
t t 3538
t t 3512
t t 3486
t t 3460
t t 3434
t t 3408
t t 3382
t t 3356
t t 3330
t t 3304
t t 3278
t t 3252
t t 3226
t t 3200
t t 3174
t t 3148
t t 3122
t t 3096
t t 3070
t t 3044
t t 3018
t t 2992
t t 2966
t t 2940
t t 2914
t t 2888
t t 2862
t t 2836
t t 2810
t t 2784
t t 2758
t t 2732
t t 2706
t t 2680
t t 2654
t t 2628
t t 2602
t t 2576
t t 2550
t t 2524
t t 2498
t t 2472
t t 2446
t t 2420
t t 2394
t t 2368
t t 2342
t t 2316
t t 2290
t t 2264
t t 2238
t t 2212
t t 2186
t t 2160
t t 2134
t t 2108
t t 2082
t t 2056
t t 2030
t t 2004
t t 1978
t t 1952
t t 1926
t t 1900
t t 1874
t t 1848
t t 1822
t t 1796
t t 1770
t t 1744
t t 1718
t t 1692
t t 1666
t t 1640
t t 1614
t t 1588
t t 1562
t t 1536
t t 1510
t t 1484
t t 1458
t t 1432
t t 1406
t t 1380
t t 1354
t t 1328
t t 1302
t t 1276
t t 1250
t t 1224
t t 1198
t t 1172
t t 1146
t t 1120
t t 1094
t t 1068
t t 1042
t t 1016
t t 990
t t 964
t t 938
t t 912
t t 886
t t 860
t t 834
t t 808
t t 782
t t 756
t t 730
t t 704
t t 678
t t 652
t t 626
t t 600
t t 574
t t 548
t t 522
t t 496
t t 470
t t 444
t t 418
t t 392
t t 366
t t 340
t t 314
t t 288
t t 262
t t 236
t t 210
t t 184
t t 158
t t 132
t t 106
t t 80
t t 54
t t 28
t t 2
u u 3979
u u 3953
u u 3927
u u 3901
u u 3875
u u 3849
u u 3823
u u 3797
u u 3771
u u 3745
u u 3719
u u 3693
u u 3667
u u 3641
u u 3615
u u 3589
u u 3563
u u 3537
u u 3511
u u 3485
u u 3459
u u 3433
u u 3407
u u 3381
u u 3355
u u 3329
u u 3303
u u 3277
u u 3251
u u 3225
u u 3199
u u 3173
u u 3147
u u 3121
u u 3095
u u 3069
u u 3043
u u 3017
u u 2991
u u 2965
u u 2939
u u 2913
u u 2887
u u 2861
u u 2835
u u 2809
u u 2783
u u 2757
u u 2731
u u 2705
u u 2679
u u 2653
u u 2627
u u 2601
u u 2575
u u 2549
u u 2523
u u 2497
u u 2471
u u 2445
u u 2419
u u 2393
u u 2367
u u 2341
u u 2315
u u 2289
u u 2263
u u 2237
u u 2211
u u 2185
u u 2159
u u 2133
u u 2107
u u 2081
u u 2055
u u 2029
u u 2003
u u 1977
u u 1951
u u 1925
u u 1899
u u 1873
u u 1847
u u 1821
u u 1795
u u 1769
u u 1743
u u 1717
u u 1691
u u 1665
u u 1639
u u 1613
u u 1587
u u 1561
u u 1535
u u 1509
u u 1483
u u 1457
u u 1431
u u 1405
u u 1379
u u 1353
u u 1327
u u 1301
u u 1275
u u 1249
u u 1223
u u 1197
u u 1171
u u 1145
u u 1119
u u 1093
u u 1067
u u 1041
u u 1015
u u 989
u u 963
u u 937
u u 911
u u 885
u u 859
u u 833
u u 807
u u 781
u u 755
u u 729
u u 703
u u 677
u u 651
u u 625
u u 599
u u 573
u u 547
u u 521
u u 495
u u 469
u u 443
u u 417
u u 391
u u 365
u u 339
u u 313
u u 287
u u 261
u u 235
u u 209
u u 183
u u 157
u u 131
u u 105
u u 79
u u 53
u u 27
u u 1
v v 3978
v v 3952
v v 3926
v v 3900
v v 3874
v v 3848
v v 3822
v v 3796
v v 3770
v v 3744
v v 3718
v v 3692
v v 3666
v v 3640
v v 3614
v v 3588
v v 3562
v v 3536
v v 3510
v v 3484
v v 3458
v v 3432
v v 3406
v v 3380
v v 3354
v v 3328
v v 3302
v v 3276
v v 3250
v v 3224
v v 3198
v v 3172
v v 3146
v v 3120
v v 3094
v v 3068
v v 3042
v v 3016
v v 2990
v v 2964
v v 2938
v v 2912
v v 2886
v v 2860
v v 2834
v v 2808
v v 2782
v v 2756
v v 2730
v v 2704
v v 2678
v v 2652
v v 2626
v v 2600
v v 2574
v v 2548
v v 2522
v v 2496
v v 2470
v v 2444
v v 2418
v v 2392
v v 2366
v v 2340
v v 2314
v v 2288
v v 2262
v v 2236
v v 2210
v v 2184
v v 2158
v v 2132
v v 2106
v v 2080
v v 2054
v v 2028
v v 2002
v v 1976
v v 1950
v v 1924
v v 1898
v v 1872
v v 1846
v v 1820
v v 1794
v v 1768
v v 1742
v v 1716
v v 1690
v v 1664
v v 1638
v v 1612
v v 1586
v v 1560
v v 1534
v v 1508
v v 1482
v v 1456
v v 1430
v v 1404
v v 1378
v v 1352
v v 1326
v v 1300
v v 1274
v v 1248
v v 1222
v v 1196
v v 1170
v v 1144
v v 1118
v v 1092
v v 1066
v v 1040
v v 1014
v v 988
v v 962
v v 936
v v 910
v v 884
v v 858
v v 832
v v 806
v v 780
v v 754
v v 728
v v 702
v v 676
v v 650
v v 624
v v 598
v v 572
v v 546
v v 520
v v 494
v v 468
v v 442
v v 416
v v 390
v v 364
v v 338
v v 312
v v 286
v v 260
v v 234
v v 208
v v 182
v v 156
v v 130
v v 104
v v 78
v v 52
v v 26
v v 
w w 3977
w w 3951
w w 3925
w w 3899
w w 3873
w w 3847
w w 3821
w w 3795
w w 3769
w w 3743
w w 3717
w w 3691
w w 3665
w w 3639
w w 3613
w w 3587
w w 3561
w w 3535
w w 3509
w w 3483
w w 3457
w w 3431
w w 3405
w w 3379
w w 3353
w w 3327
w w 3301
w w 3275
w w 3249
w w 3223
w w 3197
w w 3171
w w 3145
w w 3119
w w 3093
w w 3067
w w 3041
w w 3015
w w 2989
w w 2963
w w 2937
w w 2911
w w 2885
w w 2859
w w 2833
w w 2807
w w 2781
w w 2755
w w 2729
w w 2703
w w 2677
w w 2651
w w 2625
w w 2599
w w 2573
w w 2547
w w 2521
w w 2495
w w 2469
w w 2443
w w 2417
w w 2391
w w 2365
w w 2339
w w 2313
w w 2287
w w 2261
w w 2235
w w 2209
w w 2183
w w 2157
w w 2131
w w 2105
w w 2079
w w 2053
w w 2027
w w 2001
w w 1975
w w 1949
w w 1923
w w 1897
w w 1871
w w 1845
w w 1819
w w 1793
w w 1767
w w 1741
w w 1715
w w 1689
w w 1663
w w 1637
w w 1611
w w 1585
w w 1559
w w 1533
w w 1507
w w 1481
w w 1455
w w 1429
w w 1403
w w 1377
w w 1351
w w 1325
w w 1299
w w 1273
w w 1247
w w 1221
w w 1195
w w 1169
w w 1143
w w 1117
w w 1091
w w 1065
w w 1039
w w 1013
w w 987
w w 961
w w 935
w w 909
w w 883
w w 857
w w 831
w w 805
w w 779
w w 753
w w 727
w w 701
w w 675
w w 649
w w 623
w w 597
w w 571
w w 545
w w 519
w w 493
w w 467
w w 441
w w 415
w w 389
w w 363
w w 337
w w 311
w w 285
w w 259
w w 233
w w 207
w w 181
w w 155
w w 129
w w 103
w w 77
w w 51
w w 25
x x 3976
x x 3950
x x 3924
x x 3898
x x 3872
x x 3846
x x 3820
x x 3794
x x 3768
x x 3742
x x 3716
x x 3690
x x 3664
x x 3638
x x 3612
x x 3586
x x 3560
x x 3534
x x 3508
x x 3482
x x 3456
x x 3430
x x 3404
x x 3378
x x 3352
x x 3326
x x 3300
x x 3274
x x 3248
x x 3222
x x 3196
x x 3170
x x 3144
x x 3118
x x 3092
x x 3066
x x 3040
x x 3014
x x 2988
x x 2962
x x 2936
x x 2910
x x 2884
x x 2858
x x 2832
x x 2806
x x 2780
x x 2754
x x 2728
x x 2702
x x 2676
x x 2650
x x 2624
x x 2598
x x 2572
x x 2546
x x 2520
x x 2494
x x 2468
x x 2442
x x 2416
x x 2390
x x 2364
x x 2338
x x 2312
x x 2286
x x 2260
x x 2234
x x 2208
x x 2182
x x 2156
x x 2130
x x 2104
x x 2078
x x 2052
x x 2026
x x 2000
x x 1974
x x 1948
x x 1922
x x 1896
x x 1870
x x 1844
x x 1818
x x 1792
x x 1766
x x 1740
x x 1714
x x 1688
x x 1662
x x 1636
x x 1610
x x 1584
x x 1558
x x 1532
x x 1506
x x 1480
x x 1454
x x 1428
x x 1402
x x 1376
x x 1350
x x 1324
x x 1298
x x 1272
x x 1246
x x 1220
x x 1194
x x 1168
x x 1142
x x 1116
x x 1090
x x 1064
x x 1038
x x 1012
x x 986
x x 960
x x 934
x x 908
x x 882
x x 856
x x 830
x x 804
x x 778
x x 752
x x 726
x x 700
x x 674
x x 648
x x 622
x x 596
x x 570
x x 544
x x 518
x x 492
x x 466
x x 440
x x 414
x x 388
x x 362
x x 336
x x 310
x x 284
x x 258
x x 232
x x 206
x x 180
x x 154
x x 128
x x 102
x x 76
x x 50
x x 24
y y 3975
y y 3949
y y 3923
y y 3897
y y 3871
y y 3845
y y 3819
y y 3793
y y 3767
y y 3741
y y 3715
y y 3689
y y 3663
y y 3637
y y 3611
y y 3585
y y 3559
y y 3533
y y 3507
y y 3481
y y 3455
y y 3429
y y 3403
y y 3377
y y 3351
y y 3325
y y 3299
y y 3273
y y 3247
y y 3221
y y 3195
y y 3169
y y 3143
y y 3117
y y 3091
y y 3065
y y 3039
y y 3013
y y 2987
y y 2961
y y 2935
y y 2909
y y 2883
y y 2857
y y 2831
y y 2805
y y 2779
y y 2753
y y 2727
y y 2701
y y 2675
y y 2649
y y 2623
y y 2597
y y 2571
y y 2545
y y 2519
y y 2493
y y 2467
y y 2441
y y 2415
y y 2389
y y 2363
y y 2337
y y 2311
y y 2285
y y 2259
y y 2233
y y 2207
y y 2181
y y 2155
y y 2129
y y 2103
y y 2077
y y 2051
y y 2025
y y 1999
y y 1973
y y 1947
y y 1921
y y 1895
y y 1869
y y 1843
y y 1817
y y 1791
y y 1765
y y 1739
y y 1713
y y 1687
y y 1661
y y 1635
y y 1609
y y 1583
y y 1557
y y 1531
y y 1505
y y 1479
y y 1453
y y 1427
y y 1401
y y 1375
y y 1349
y y 1323
y y 1297
y y 1271
y y 1245
y y 1219
y y 1193
y y 1167
y y 1141
y y 1115
y y 1089
y y 1063
y y 1037
y y 1011
y y 985
y y 959
y y 933
y y 907
y y 881
y y 855
y y 829
y y 803
y y 777
y y 751
y y 725
y y 699
y y 673
y y 647
y y 621
y y 595
y y 569
y y 543
y y 517
y y 491
y y 465
y y 439
y y 413
y y 387
y y 361
y y 335
y y 309
y y 283
y y 257
y y 231
y y 205
y y 179
y y 153
y y 127
y y 101
y y 75
y y 49
y y 23
z z 3974
z z 3948
z z 3922
z z 3896
z z 3870
z z 3844
z z 3818
z z 3792
z z 3766
z z 3740
z z 3714
z z 3688
z z 3662
z z 3636
z z 3610
z z 3584
z z 3558
z z 3532
z z 3506
z z 3480
z z 3454
z z 3428
z z 3402
z z 3376
z z 3350
z z 3324
z z 3298
z z 3272
z z 3246
z z 3220
z z 3194
z z 3168
z z 3142
z z 3116
z z 3090
z z 3064
z z 3038
z z 3012
z z 2986
z z 2960
z z 2934
z z 2908
z z 2882
z z 2856
z z 2830
z z 2804
z z 2778
z z 2752
z z 2726
z z 2700
z z 2674
z z 2648
z z 2622
z z 2596
z z 2570
z z 2544
z z 2518
z z 2492
z z 2466
z z 2440
z z 2414
z z 2388
z z 2362
z z 2336
z z 2310
z z 2284
z z 2258
z z 2232
z z 2206
z z 2180
z z 2154
z z 2128
z z 2102
z z 2076
z z 2050
z z 2024
z z 1998
z z 1972
z z 1946
z z 1920
z z 1894
z z 1868
z z 1842
z z 1816
z z 1790
z z 1764
z z 1738
z z 1712
z z 1686
z z 1660
z z 1634
z z 1608
z z 1582
z z 1556
z z 1530
z z 1504
z z 1478
z z 1452
z z 1426
z z 1400
z z 1374
z z 1348
z z 1322
z z 1296
z z 1270
z z 1244
z z 1218
z z 1192
z z 1166
z z 1140
z z 1114
z z 1088
z z 1062
z z 1036
z z 1010
z z 984
z z 958
z z 932
z z 906
z z 880
z z 854
z z 828
z z 802
z z 776
z z 750
z z 724
z z 698
z z 672
z z 646
z z 620
z z 594
z z 568
z z 542
z z 516
z z 490
z z 464
z z 438
z z 412
z z 386
z z 360
z z 334
z z 308
z z 282
z z 256
z z 230
z z 204
z z 178
z z 152
z z 126
z z 100
z z 74
z z 48
z z 22
