a a 1239
a a 636
a a 1450
a a 2929
a a 1062
a a 1045
a a 1391
a a 2486
a a 3271
a a 426
a a 937
a a 182
a a 831
a a 890
a a 3779
a a 3102
a a 2003
a a 3478
a a 1518
a a 1521
a a 1611
a a 1023
a a 1433
a a 3201
a a 2353
a a 2091
a a 3383
a a 692
a a 1904
a a 3198
a a 606
a a 3457
a a 247
a a 3731
a a 2243
a a 1234
a a 2357
a a 3026
a a 865
a a 2306
a a 475
a a 2201
a a 2993
a a 3710
a a 2015
a a 1045
a a 1360
a a 1733
b b 1426
b b 2889
b b 1351
b b 2404
b b 3902
b b 1898
b b 366
b b 3106
b b 2148
b b 315
b b 2067
b b 3664
b b 3716
b b 3846
b b 683
b b 946
b b 1719
b b 3515
b b 3813
b b 3609
b b 2001
b b 2104
b b 2057
b b 1372
b b 383
b b 65
b b 2810
b b 3007
b b 3529
b b 3881
b b 980
b b 3952
b b 1808
b b 1319
b b 942
b b 644
b b 1520
b b 97
b b 2937
b b 2974
b b 3583
b b 324
b b 3646
b b 3816
b b 2508
b b 105
b b 2404
c c 2995
c c 548
c c 1224
c c 2688
c c 3665
c c 324
c c 2784
c c 3433
c c 1250
c c 2228
c c 3753
c c 3182
c c 2133
c c 866
c c 1986
c c 21
c c 3725
c c 1568
c c 3712
c c 330
c c 638
c c 3681
c c 968
c c 1302
c c 1358
c c 1880
c c 241
c c 74
c c 2741
c c 1438
c c 805
c c 3667
c c 3903
c c 2667
c c 95
c c 3876
c c 2855
c c 1305
c c 2923
c c 3858
c c 443
c c 69
c c 618
c c 3024
c c 828
c c 1967
c c 2829
d d 3543
d d 2226
d d 3845
d d 1354
d d 2099
d d 2176
d d 3862
d d 856
d d 2674
d d 3939
d d 984
d d 2188
d d 1864
d d 1099
d d 1240
d d 2841
d d 2416
d d 1984
d d 113
d d 3502
d d 1073
d d 3877
d d 1508
d d 529
d d 505
d d 3319
d d 1247
d d 197
d d 3076
d d 1771
d d 1882
d d 3525
d d 694
d d 2323
d d 788
d d 1767
d d 2427
d d 2489
d d 1306
d d 2201
d d 1614
d d 65
d d 3264
d d 2950
d d 3247
d d 3083
d d 3782
e e 3744
e e 3344
e e 2555
e e 502
e e 2100
e e 1352
e e 225
e e 2993
e e 1815
e e 2072
e e 2888
e e 1351
e e 1496
e e 52
e e 2971
e e 3629
e e 3179
e e 2497
e e 3013
e e 713
e e 2563
e e 1174
e e 1045
e e 276
e e 2809
e e 2940
e e 826
e e 824
e e 2053
e e 688
e e 550
e e 3793
e e 1953
e e 1533
e e 3693
e e 3470
e e 395
e e 1956
e e 3844
e e 3055
e e 1729
e e 1718
e e 1028
e e 70
e e 3076
e e 3830
e e 1958
f f 3138
f f 3720
f f 3082
f f 1874
f f 225
f f 1464
f f 303
f f 3160
f f 2855
f f 1474
f f 3904
f f 3228
f f 3198
f f 1792
f f 2891
f f 3907
f f 1671
f f 147
f f 1976
f f 3901
f f 2880
f f 3977
f f 41
f f 2052
f f 1022
f f 954
f f 2777
f f 1373
f f 2771
f f 2853
f f 1181
f f 1941
f f 969
f f 2647
f f 2597
f f 1253
f f 901
f f 1316
f f 1819
f f 1134
f f 1733
f f 1644
f f 2498
f f 2493
f f 3873
f f 375
f f 3320
g g 27
g g 3724
g g 3913
g g 1324
g g 2450
g g 867
g g 45
g g 384
g g 3932
g g 3876
g g 2009
g g 213
g g 2462
g g 2076
g g 1553
g g 1823
g g 879
g g 1945
g g 496
g g 2933
g g 1400
g g 2185
g g 1470
g g 1488
g g 597
g g 672
g g 2937
g g 1418
g g 180
g g 3792
g g 2510
g g 193
g g 659
g g 48
g g 1886
g g 3795
g g 707
g g 2135
g g 2491
g g 3617
g g 2153
g g 2432
g g 553
g g 1198
g g 1081
g g 2054
g g 1664
h h 1939
h h 0
h h 1707
h h 2682
h h 2327
h h 485
h h 1562
h h 2882
h h 1321
h h 2583
h h 567
h h 3711
h h 941
h h 446
h h 914
h h 2959
h h 558
h h 3675
h h 1318
h h 1672
h h 3780
h h 939
h h 86
h h 3674
h h 1169
h h 3938
h h 2129
h h 1073
h h 1855
h h 3983
h h 1934
h h 48
h h 2371
h h 3806
h h 2064
h h 2294
h h 892
h h 1681
h h 3171
h h 2811
h h 84
h h 1445
h h 28
h h 467
h h 3582
h h 1811
h h 3964
i i 198
i i 3872
i i 793
i i 1305
i i 2854
i i 3969
i i 3584
i i 2975
i i 2268
i i 2822
i i 747
i i 2268
i i 2133
i i 1000
i i 3185
i i 2968
i i 1953
i i 3472
i i 3147
i i 3471
i i 626
i i 2748
i i 1523
i i 239
i i 316
i i 3514
i i 3847
i i 1941
i i 3029
i i 1577
i i 1573
i i 3573
i i 2196
i i 3484
i i 3919
i i 112
i i 3091
i i 1624
i i 3494
i i 1309
i i 174
i i 595
i i 3696
i i 1635
i i 1315
i i 2453
i i 1491
j j 169
j j 1386
j j 3245
j j 2733
j j 3377
j j 3822
j j 1614
j j 3985
j j 2178
j j 3674
j j 2661
j j 557
j j 2044
j j 203
j j 3560
j j 25
j j 3163
j j 2019
j j 2280
j j 1943
j j 3029
j j 336
j j 2030
j j 2673
j j 3928
j j 3722
j j 2048
j j 316
j j 3472
j j 2005
j j 1757
j j 1207
j j 414
j j 2171
j j 1468
j j 300
j j 129
j j 1426
j j 656
j j 3502
j j 3825
j j 1724
j j 358
j j 3353
j j 1086
j j 353
j j 2885
k k 2854
k k 492
k k 1861
k k 2084
k k 2727
k k 2152
k k 2974
k k 1418
k k 2140
k k 3086
k k 1885
k k 1121
k k 1135
k k 2135
k k 638
k k 3357
k k 3900
k k 2301
k k 1550
k k 945
k k 2610
k k 1374
k k 109
k k 2098
k k 1553
k k 2488
k k 939
k k 280
k k 2667
k k 1389
k k 3436
k k 3838
k k 3428
k k 2110
k k 1478
k k 1663
k k 3507
k k 305
k k 3264
k k 3993
k k 1824
k k 3020
k k 3826
k k 1707
k k 3590
k k 1433
k k 2025
l l 263
l l 2772
l l 2463
l l 3173
l l 3125
l l 1282
l l 2759
l l 3499
l l 3122
l l 3071
l l 2105
l l 1002
l l 3585
l l 1020
l l 2839
l l 3606
l l 1393
l l 835
l l 877
l l 544
l l 3833
l l 1592
l l 463
l l 368
l l 1500
l l 1466
l l 2493
l l 810
l l 1765
l l 1219
l l 2687
l l 1356
l l 1579
l l 3683
l l 3304
l l 1485
l l 3694
l l 488
l l 1142
l l 3615
l l 3256
l l 2777
l l 3664
l l 3214
l l 2557
l l 1526
l l 870
m m 3573
m m 3188
m m 2871
m m 3277
m m 3051
m m 1094
m m 3338
m m 3930
m m 2067
m m 1185
m m 2113
m m 2585
m m 519
m m 722
m m 2286
m m 471
m m 1414
m m 504
m m 487
m m 181
m m 1676
m m 2598
m m 1798
m m 1317
m m 2139
m m 3453
m m 3714
m m 620
m m 2551
m m 2068
m m 24
m m 1280
m m 2883
m m 465
m m 2535
m m 840
m m 1222
m m 1326
m m 2861
m m 3456
m m 650
m m 87
m m 2284
m m 1268
m m 473
m m 73
m m 1225
n n 2341
n n 283
n n 713
n n 3228
n n 3756
n n 3715
n n 856
n n 2322
n n 246
n n 562
n n 711
n n 1748
n n 3085
n n 1396
n n 582
n n 2170
n n 3894
n n 3613
n n 3006
n n 2021
n n 1263
n n 1997
n n 436
n n 2690
n n 432
n n 1868
n n 997
n n 2119
n n 1485
n n 2989
n n 2664
n n 947
n n 2449
n n 3726
n n 3567
n n 2801
n n 932
n n 2357
n n 2533
n n 2197
n n 2214
n n 3797
n n 1424
n n 2014
n n 1650
n n 2822
n n 1072
o o 916
o o 2780
o o 3570
o o 3936
o o 3097
o o 2556
o o 2770
o o 2898
o o 2043
o o 211
o o 1865
o o 2333
o o 2777
o o 3446
o o 2678
o o 384
o o 869
o o 251
o o 45
o o 1274
o o 2690
o o 3006
o o 689
o o 1616
o o 3397
o o 3770
o o 1208
o o 3781
o o 2935
o o 3277
o o 3756
o o 865
o o 1647
o o 1303
o o 1223
o o 1612
o o 3706
o o 633
o o 1652
o o 3153
o o 148
o o 3511
o o 2866
o o 125
o o 685
o o 3224
o o 18
p p 3895
p p 2884
p p 3478
p p 151
p p 456
p p 1957
p p 2171
p p 3502
p p 3430
p p 1642
p p 270
p p 2266
p p 3526
p p 3196
p p 2449
p p 345
p p 3783
p p 413
p p 1202
p p 2852
p p 3603
p p 1261
p p 901
p p 3917
p p 476
p p 161
p p 1355
p p 225
p p 1440
p p 2189
p p 2797
p p 646
p p 678
p p 2267
p p 1569
p p 2813
p p 286
p p 145
p p 1219
p p 641
p p 2116
p p 174
p p 3229
p p 2278
p p 2748
p p 1933
p p 2112
q q 2641
q q 2568
q q 3454
q q 840
q q 1729
q q 2023
q q 2278
q q 2830
q q 2940
q q 2771
q q 2964
q q 2216
q q 3226
q q 3744
q q 2346
q q 3899
q q 883
q q 914
q q 2986
q q 284
q q 293
q q 2558
q q 88
q q 2641
q q 44
q q 461
q q 2748
q q 3188
q q 3497
q q 2810
q q 3166
q q 913
q q 670
q q 1808
q q 3689
q q 2244
q q 1806
q q 3631
q q 3978
q q 1245
q q 1023
q q 3334
q q 624
q q 2077
q q 377
q q 3000
q q 2891
r r 2099
r r 227
r r 774
r r 1922
r r 2733
r r 3188
r r 613
r r 393
r r 359
r r 128
r r 3418
r r 2092
r r 3269
r r 1556
r r 926
r r 3445
r r 2659
r r 3301
r r 2787
r r 2614
r r 3449
r r 2293
r r 3638
r r 3853
r r 281
r r 3948
r r 1822
r r 1088
r r 1743
r r 3551
r r 3610
r r 162
r r 1376
r r 3340
r r 1350
r r 683
r r 3115
r r 2491
r r 2614
r r 3267
r r 2795
r r 1054
r r 3385
r r 3096
r r 1234
r r 2353
r r 3287
s s 2545
s s 1215
s s 3607
s s 699
s s 2253
s s 1034
s s 145
s s 608
s s 1856
s s 3050
s s 3305
s s 3264
s s 1679
s s 676
s s 2007
s s 1496
s s 336
s s 1915
s s 960
s s 3076
s s 1194
s s 3991
s s 1022
s s 836
s s 826
s s 384
s s 1756
s s 3004
s s 3273
s s 1217
s s 2424
s s 493
s s 3352
s s 3592
s s 2849
s s 2143
s s 2423
s s 3394
s s 600
s s 2745
s s 2279
s s 1856
s s 1905
s s 2084
s s 3837
s s 3190
s s 369
t t 3500
t t 1943
t t 2438
t t 1985
t t 2993
t t 2962
t t 2811
t t 2443
t t 360
t t 2431
t t 1265
t t 3399
t t 456
t t 2480
t t 3002
t t 527
t t 529
t t 627
t t 180
t t 1940
t t 2093
t t 2412
t t 3174
t t 994
t t 1423
t t 1054
t t 192
t t 1405
t t 1943
t t 1218
t t 1950
t t 3622
t t 1195
t t 621
t t 1476
t t 2647
t t 511
t t 14
t t 2691
t t 545
t t 3182
t t 1326
t t 306
t t 981
t t 125
t t 366
t t 886
u u 1055
u u 1277
u u 2703
u u 3437
u u 1979
u u 3628
u u 3046
u u 3081
u u 1087
u u 1910
u u 1907
u u 494
u u 3503
u u 3459
u u 1844
u u 1156
u u 1491
u u 2380
u u 808
u u 3174
u u 2259
u u 380
u u 754
u u 1887
u u 3547
u u 3217
u u 1141
u u 1358
u u 374
u u 185
u u 3991
u u 996
u u 724
u u 2391
u u 1601
u u 3138
u u 1510
u u 3582
u u 1018
u u 3101
u u 1534
u u 2195
u u 3697
u u 3452
u u 2225
u u 3405
u u 690
v v 3264
v v 3541
v v 3791
v v 111
v v 614
v v 264
v v 1946
v v 1262
v v 692
v v 2057
v v 1188
v v 2112
v v 2678
v v 758
v v 1118
v v 3504
v v 689
v v 2294
v v 371
v v 1106
v v 136
v v 1913
v v 1833
v v 1316
v v 277
v v 858
v v 3424
v v 3918
v v 2667
v v 928
v v 3441
v v 3650
v v 90
v v 2937
v v 528
v v 3132
v v 2315
v v 1789
v v 1193
v v 323
v v 3359
v v 464
v v 134
v v 1381
v v 979
v v 1792
v v 967
w w 3331
w w 325
w w 3296
w w 1050
w w 3834
w w 3959
w w 1945
w w 915
w w 3386
w w 3388
w w 410
w w 1263
w w 30
w w 3220
w w 3422
w w 3511
w w 2160
w w 3777
w w 977
w w 2260
w w 398
w w 261
w w 1552
w w 1109
w w 2694
w w 3848
w w 2157
w w 2951
w w 2555
w w 1873
w w 3914
w w 3484
w w 2720
w w 1673
w w 2107
w w 1574
w w 985
w w 318
w w 2502
w w 1722
w w 1759
w w 3611
w w 323
w w 3216
w w 2458
w w 850
w w 2334
x x 793
x x 3228
x x 854
x x 2702
x x 131
x x 408
x x 1666
x x 2751
x x 402
x x 2422
x x 2070
x x 3981
x x 112
x x 1699
x x 3752
x x 1369
x x 2636
x x 3780
x x 2356
x x 2590
x x 2178
x x 1272
x x 387
x x 655
x x 3862
x x 1722
x x 1096
x x 2525
x x 3897
x x 1020
x x 3838
x x 1294
x x 3362
x x 3917
x x 3914
x x 455
x x 2518
x x 2099
x x 3807
x x 2563
x x 3392
x x 657
x x 3156
x x 3480
x x 1049
x x 3938
x x 879
y y 2563
y y 1168
y y 3144
y y 1159
y y 2077
y y 2957
y y 1548
y y 1525
y y 1481
y y 707
y y 3819
y y 3545
y y 2184
y y 1503
y y 2414
y y 3888
y y 3294
y y 319
y y 1412
y y 1352
y y 2738
y y 3123
y y 2394
y y 612
y y 714
y y 2302
y y 2914
y y 2262
y y 2833
y y 276
y y 2254
y y 2628
y y 403
y y 2236
y y 1556
y y 1350
y y 2429
y y 3213
y y 2345
y y 708
y y 3935
y y 3506
y y 3368
y y 570
y y 3339
y y 551
y y 3242
z z 905
z z 2038
z z 2959
z z 3881
z z 3677
z z 3295
z z 3295
z z 661
z z 17
z z 335
z z 464
z z 1274
z z 2093
z z 1158
z z 3933
z z 1971
z z 2575
z z 427
z z 1594
z z 327
z z 2833
z z 2576
z z 2070
z z 419
z z 2983
z z 3153
z z 632
z z 898
z z 1599
z z 821
z z 421
z z 2533
z z 2207
z z 2218
z z 1048
z z 3355
z z 1289
z z 1612
z z 392
z z 2297
z z 2138
z z 3679
z z 3749
z z 3682
z z 2022
z z 1968
z z 2267
